2014-11-16 22:09:23,761 [main] DEBUG - Strating SalesSystem with the Swing UI ..
2014-11-16 22:09:23,941 [main] INFO - 5 items loaded from disk
2014-11-16 22:09:23,941 [main] INFO - 1 clients loaded from disk
2014-11-16 22:09:23,951 [main] INFO - 9 Sales loaded from disk
2014-11-16 22:09:24,151 [main] INFO - SalesSystem started
2014-11-16 22:09:25,351 [AWT-EventQueue-0] INFO - 5 items loaded from disk
2014-11-16 22:09:25,931 [AWT-EventQueue-0] INFO - 9 Sales loaded from disk
2014-11-16 22:09:30,411 [AWT-EventQueue-0] INFO - 1 clients loaded from disk
2014-11-16 22:09:31,041 [AWT-EventQueue-0] INFO - 9 Sales loaded from disk
2014-11-16 22:09:33,021 [AWT-EventQueue-0] INFO - 5 items loaded from disk
2014-11-16 22:09:45,351 [AWT-EventQueue-0] DEBUG -  === Comparing: Jogurt vs. Layz krõpsud
2014-11-16 22:09:45,351 [AWT-EventQueue-0] DEBUG -  === Comparing: Jogurt vs. Õlle vorstikesed
2014-11-16 22:09:45,351 [AWT-EventQueue-0] DEBUG -  === Comparing: Jogurt vs. Pähklid
2014-11-16 22:09:45,351 [AWT-EventQueue-0] DEBUG -  === Comparing: Jogurt vs. Kõrsikud 
2014-11-16 22:09:45,351 [AWT-EventQueue-0] DEBUG -  === Comparing: Jogurt vs. kohv
2014-11-16 22:09:45,361 [AWT-EventQueue-0] INFO - Added new stockItem : Jogurt
2014-11-16 22:09:46,821 [AWT-EventQueue-0] INFO - 6 items loaded from disk
2014-11-16 22:09:49,591 [AWT-EventQueue-0] INFO - New sale process started
2014-11-16 22:09:49,591 [AWT-EventQueue-0] INFO - 1 clients loaded from disk
2014-11-16 22:09:50,771 [AWT-EventQueue-0] INFO - Client Toomas with ID=1 got selected.
2014-11-16 22:10:01,461 [AWT-EventQueue-0] INFO - Checkout process cancelled
2014-11-16 22:10:02,041 [AWT-EventQueue-0] DEBUG - Added Jogurt quantity of 15
2014-11-16 22:10:07,461 [AWT-EventQueue-0] INFO - Sale complete
2014-11-16 22:10:07,461 [AWT-EventQueue-0] DEBUG - Contents of the current basket:
Id	Name	Price	Quantity	Sum	
null	Jogurt	35.0	15	525.0	

2014-11-16 22:10:08,761 [AWT-EventQueue-0] INFO - 10 Sales loaded from disk
2014-11-16 22:10:11,991 [AWT-EventQueue-0] INFO - 1 clients loaded from disk
2014-11-16 22:10:13,111 [AWT-EventQueue-0] INFO - 10 Sales loaded from disk
2014-11-16 22:10:13,471 [AWT-EventQueue-0] INFO - 6 items loaded from disk
2014-11-16 22:10:20,931 [AWT-EventQueue-0] INFO - SalesSystem closed
